
  “ Order your soul. Reduce your wants. ”
  — Augustine


  “ Do what you can, with what you have, where you are. ”
  — Theodore Roosevelt


  “ Let all your things have their places; let each part of your business have its time. ”
  — Benjamin Franklin


  “ Nothing in life is to be feared, it is only to be understood. Now is the time to understand more, so that we may fear less. ”
  — Marie Curie


  “ Be present above all else. ”
  — Naval Ravikant


  “ Simplicity is the ultimate sophistication. ”
  — Leonardo da Vinci


  “ Waste no more time arguing what a good man should be, be one. ”
  — Marcus Aurelius


  “ Breathing in, I calm body and mind. Breathing out, I smile. ”
  — Thich Nhat Hanh


  “ Life is available only in the present moment. ”
  — Thich Nhat Hanh


  “ Act only according to that maxim whereby you can, at the same time, will that it should become a universal law. ”
  — Immanuel Kant


  “ Live as if you were to die tomorrow. Learn as if you were to live forever. ”
  — Mahatma Gandhi


  “ Waste no more time arguing what a good man should be, be one. ”
  — Marcus Aurelius


  “ Nothing worth having comes easy. ”
  — Theodore Roosevelt


  “ Well begun is half done. ”
  — Aristotle


  “ The best way to take care of the future is to take care of the present moment. ”
  — Thich Nhat Hanh


  “ It is not the man who has too little, but the man who craves more, that is poor. ”
  — Seneca


  “ Simplicity is the consequence of refined emotions. ”
  — Jean D'Alembert


  “ Because you are alive, everything is possible. ”
  — Thich Nhat Hanh


  “ Life is available only in the present moment. ”
  — Thich Nhat Hanh


  “ I have not failed. I've just found 10,000 ways that won't work. ”
  — Thomas Edison


  “ When there is no desire, all things are at peace. ”
  — Laozi


  “ An unexamined life is not worth living. ”
  — Socrates

